-2 -3 -4 -5
4 3 2 1

3
3 3 2 2 2 1
756756756756756567 98987675677656 123333212312 12312312123
12 -123312123312 -312312312312 -312312312312
10 10 8 8 7 6
-2 -3 -4 -5
4 3 2 1

3
3 3 2 2 2 1
756756756756756567 98987675677656 123333212312 12312312123
12 -123312123312 -312312312312 -312312312312
10 10 8 8 7 6
-2 -3 -4 -5
4 3 2 1

3
3 2 3 2 2 1
12312312123 756756756756756567 98987675677656 123333212312
-123312123312 -312312312312 12 -312312312312
10 8 8 10 7 6
-2 -3 -4 -5
4 3 2 1

3
3 3 2 2 2 1
756756756756756567 98987675677656 123333212312 12312312123
12 -123312123312 -312312312312 -312312312312
10 10 8 8 7 6
